2026-06-25 20:41:26,497 - INFO - Starting data ingestion
2026-06-25 20:41:28,392 - INFO - Performed train test split on the dataset
2026-06-25 20:41:28,392 - INFO - External data is split into train and test file
2026-06-25 20:41:28,392 - INFO - Exporting train and test file to feature store
2026-06-25 20:41:28,436 - INFO - Exported train and test file 
2026-06-25 20:41:28,437 - INFO - Data ingestion completed
2026-06-25 20:41:28,440 - INFO - Starting data validation
2026-06-25 20:41:28,475 - INFO - Expected columns: ['having_IP_Address', 'URL_Length', 'Shortining_Service', 'having_At_Symbol', 'double_slash_redirecting', 'Prefix_Suffix', 'having_Sub_Domain', 'SSLfinal_State', 'Domain_registeration_length', 'Favicon', 'port', 'HTTPS_token', 'Request_URL', 'URL_of_Anchor', 'Links_in_tags', 'SFH', 'Submitting_to_email', 'Abnormal_URL', 'Redirect', 'on_mouseover', 'RightClick', 'popUpWidnow', 'Iframe', 'age_of_domain', 'DNSRecord', 'web_traffic', 'Page_Rank', 'Google_Index', 'Links_pointing_to_page', 'Statistical_report', 'Result']
2026-06-25 20:41:28,475 - INFO - Dataframe columns: ['having_IP_Address', 'URL_Length', 'Shortining_Service', 'having_At_Symbol', 'double_slash_redirecting', 'Prefix_Suffix', 'having_Sub_Domain', 'SSLfinal_State', 'Domain_registeration_length', 'Favicon', 'port', 'HTTPS_token', 'Request_URL', 'URL_of_Anchor', 'Links_in_tags', 'SFH', 'Submitting_to_email', 'Abnormal_URL', 'Redirect', 'on_mouseover', 'RightClick', 'popUpWidnow', 'Iframe', 'age_of_domain', 'DNSRecord', 'web_traffic', 'Page_Rank', 'Google_Index', 'Links_pointing_to_page', 'Statistical_report', 'Result']
2026-06-25 20:41:28,476 - INFO - Expected columns: ['having_IP_Address', 'URL_Length', 'Shortining_Service', 'having_At_Symbol', 'double_slash_redirecting', 'Prefix_Suffix', 'having_Sub_Domain', 'SSLfinal_State', 'Domain_registeration_length', 'Favicon', 'port', 'HTTPS_token', 'Request_URL', 'URL_of_Anchor', 'Links_in_tags', 'SFH', 'Submitting_to_email', 'Abnormal_URL', 'Redirect', 'on_mouseover', 'RightClick', 'popUpWidnow', 'Iframe', 'age_of_domain', 'DNSRecord', 'web_traffic', 'Page_Rank', 'Google_Index', 'Links_pointing_to_page', 'Statistical_report', 'Result']
2026-06-25 20:41:28,476 - INFO - Dataframe columns: ['having_IP_Address', 'URL_Length', 'Shortining_Service', 'having_At_Symbol', 'double_slash_redirecting', 'Prefix_Suffix', 'having_Sub_Domain', 'SSLfinal_State', 'Domain_registeration_length', 'Favicon', 'port', 'HTTPS_token', 'Request_URL', 'URL_of_Anchor', 'Links_in_tags', 'SFH', 'Submitting_to_email', 'Abnormal_URL', 'Redirect', 'on_mouseover', 'RightClick', 'popUpWidnow', 'Iframe', 'age_of_domain', 'DNSRecord', 'web_traffic', 'Page_Rank', 'Google_Index', 'Links_pointing_to_page', 'Statistical_report', 'Result']
2026-06-25 20:41:28,576 - INFO - Data Validation Artifact: DataValidationArtifact(validation_status=True, valid_train_file_path='Artifacts\\2026-06-25-20-41-26\\data_validation\\validated\\train.csv', valid_test_file_path='Artifacts\\2026-06-25-20-41-26\\data_validation\\validated\\test.csv', invalid_train_file_path=None, invalid_test_file_path=None, drift_report_file_path='Artifacts\\2026-06-25-20-41-26\\data_validation\\drift_report\\report.yaml')
2026-06-25 20:41:28,576 - INFO - Data validation completed
2026-06-25 20:41:28,576 - INFO - Starting data transformation
2026-06-25 20:41:28,576 - INFO - Starting data transformation
2026-06-25 20:41:28,576 - INFO - Reading valid train and test data
2026-06-25 20:41:28,615 - INFO - Obtaining preprocessing object
2026-06-25 20:41:28,615 - INFO - Creating data transformer object
2026-06-25 20:41:28,615 - INFO - Transforming training and testing data using preprocessing object
2026-06-25 20:41:28,636 - INFO - Saving transformed training and testing data
