2026-06-25 20:41:52,039 - INFO - Starting data ingestion
2026-06-25 20:41:54,229 - INFO - Performed train test split on the dataset
2026-06-25 20:41:54,229 - INFO - External data is split into train and test file
2026-06-25 20:41:54,229 - INFO - Exporting train and test file to feature store
2026-06-25 20:41:54,263 - INFO - Exported train and test file 
2026-06-25 20:41:54,264 - INFO - Data ingestion completed
2026-06-25 20:41:54,266 - INFO - Starting data validation
2026-06-25 20:41:54,303 - INFO - Expected columns: ['having_IP_Address', 'URL_Length', 'Shortining_Service', 'having_At_Symbol', 'double_slash_redirecting', 'Prefix_Suffix', 'having_Sub_Domain', 'SSLfinal_State', 'Domain_registeration_length', 'Favicon', 'port', 'HTTPS_token', 'Request_URL', 'URL_of_Anchor', 'Links_in_tags', 'SFH', 'Submitting_to_email', 'Abnormal_URL', 'Redirect', 'on_mouseover', 'RightClick', 'popUpWidnow', 'Iframe', 'age_of_domain', 'DNSRecord', 'web_traffic', 'Page_Rank', 'Google_Index', 'Links_pointing_to_page', 'Statistical_report', 'Result']
2026-06-25 20:41:54,304 - INFO - Dataframe columns: ['having_IP_Address', 'URL_Length', 'Shortining_Service', 'having_At_Symbol', 'double_slash_redirecting', 'Prefix_Suffix', 'having_Sub_Domain', 'SSLfinal_State', 'Domain_registeration_length', 'Favicon', 'port', 'HTTPS_token', 'Request_URL', 'URL_of_Anchor', 'Links_in_tags', 'SFH', 'Submitting_to_email', 'Abnormal_URL', 'Redirect', 'on_mouseover', 'RightClick', 'popUpWidnow', 'Iframe', 'age_of_domain', 'DNSRecord', 'web_traffic', 'Page_Rank', 'Google_Index', 'Links_pointing_to_page', 'Statistical_report', 'Result']
2026-06-25 20:41:54,304 - INFO - Expected columns: ['having_IP_Address', 'URL_Length', 'Shortining_Service', 'having_At_Symbol', 'double_slash_redirecting', 'Prefix_Suffix', 'having_Sub_Domain', 'SSLfinal_State', 'Domain_registeration_length', 'Favicon', 'port', 'HTTPS_token', 'Request_URL', 'URL_of_Anchor', 'Links_in_tags', 'SFH', 'Submitting_to_email', 'Abnormal_URL', 'Redirect', 'on_mouseover', 'RightClick', 'popUpWidnow', 'Iframe', 'age_of_domain', 'DNSRecord', 'web_traffic', 'Page_Rank', 'Google_Index', 'Links_pointing_to_page', 'Statistical_report', 'Result']
2026-06-25 20:41:54,304 - INFO - Dataframe columns: ['having_IP_Address', 'URL_Length', 'Shortining_Service', 'having_At_Symbol', 'double_slash_redirecting', 'Prefix_Suffix', 'having_Sub_Domain', 'SSLfinal_State', 'Domain_registeration_length', 'Favicon', 'port', 'HTTPS_token', 'Request_URL', 'URL_of_Anchor', 'Links_in_tags', 'SFH', 'Submitting_to_email', 'Abnormal_URL', 'Redirect', 'on_mouseover', 'RightClick', 'popUpWidnow', 'Iframe', 'age_of_domain', 'DNSRecord', 'web_traffic', 'Page_Rank', 'Google_Index', 'Links_pointing_to_page', 'Statistical_report', 'Result']
2026-06-25 20:41:54,396 - INFO - Data Validation Artifact: DataValidationArtifact(validation_status=True, valid_train_file_path='Artifacts\\2026-06-25-20-41-52\\data_validation\\validated\\train.csv', valid_test_file_path='Artifacts\\2026-06-25-20-41-52\\data_validation\\validated\\test.csv', invalid_train_file_path=None, invalid_test_file_path=None, drift_report_file_path='Artifacts\\2026-06-25-20-41-52\\data_validation\\drift_report\\report.yaml')
2026-06-25 20:41:54,396 - INFO - Data validation completed
2026-06-25 20:41:54,396 - INFO - Starting data transformation
2026-06-25 20:41:54,396 - INFO - Starting data transformation
2026-06-25 20:41:54,396 - INFO - Reading valid train and test data
2026-06-25 20:41:54,431 - INFO - Obtaining preprocessing object
2026-06-25 20:41:54,431 - INFO - Creating data transformer object
2026-06-25 20:41:54,431 - INFO - Transforming training and testing data using preprocessing object
2026-06-25 20:41:54,451 - INFO - Saving transformed training and testing data
2026-06-25 20:41:54,456 - INFO - Entered the save_object method of MainUtils class
2026-06-25 20:41:54,464 - INFO - Exited the save_object method of MainUtils class
2026-06-25 20:41:54,464 - INFO - Data transformation artifact: DataTransformationArtifact(transformed_object_file_path='Artifacts\\2026-06-25-20-41-52\\data_transformation\\transformed_object\\preprocessing.pkl', transformed_train_file_path='Artifacts\\2026-06-25-20-41-52\\data_transformation\\transformed\\train.npy', transformed_test_file_path='Artifacts\\2026-06-25-20-41-52\\data_transformation\\transformed\\test.npy')
2026-06-25 20:41:54,465 - INFO - Data transformation completed
