2026-06-25 14:52:02,444 - INFO - Starting data ingestion
2026-06-25 14:52:05,026 - INFO - Performed train test split on the dataset
2026-06-25 14:52:05,026 - INFO - External data is split into train and test file
2026-06-25 14:52:05,026 - INFO - Exporting train and test file to feature store
2026-06-25 14:52:05,078 - INFO - Exported train and test file 
2026-06-25 14:52:05,078 - INFO - Data ingestion completed
2026-06-25 14:52:07,291 - INFO - Performed train test split on the dataset
2026-06-25 14:52:07,291 - INFO - External data is split into train and test file
2026-06-25 14:52:07,291 - INFO - Exporting train and test file to feature store
2026-06-25 14:52:07,335 - INFO - Exported train and test file 
2026-06-25 14:52:07,339 - INFO - Starting data validation
2026-06-25 14:52:07,356 - INFO - Required number of columns: 2
2026-06-25 14:52:07,357 - INFO - Dataframe has columns: Index(['having_IP_Address', 'URL_Length', 'Shortining_Service',
       'having_At_Symbol', 'double_slash_redirecting', 'Prefix_Suffix',
       'having_Sub_Domain', 'SSLfinal_State', 'Domain_registeration_length',
       'Favicon', 'port', 'HTTPS_token', 'Request_URL', 'URL_of_Anchor',
       'Links_in_tags', 'SFH', 'Submitting_to_email', 'Abnormal_URL',
       'Redirect', 'on_mouseover', 'RightClick', 'popUpWidnow', 'Iframe',
       'age_of_domain', 'DNSRecord', 'web_traffic', 'Page_Rank',
       'Google_Index', 'Links_pointing_to_page', 'Statistical_report',
       'Result'],
      dtype='object')
